<?xml version="1.0" encoding="UTF-8"?>
<testng-results skipped="0" failed="0" ignored="0" total="1" passed="1">
  <reporter-output>
  </reporter-output>
  <suite name="Default suite" duration-ms="12289" started-at="2018-11-24T06:30:12Z" finished-at="2018-11-24T06:30:24Z">
    <groups>
    </groups>
    <test name="Default test" duration-ms="12289" started-at="2018-11-24T06:30:12Z" finished-at="2018-11-24T06:30:24Z">
      <class name="demo.SimpleTest">
        <test-method status="PASS" signature="setUp()[pri:0, instance:demo.SimpleTest@1e88b3c]" name="setUp" is-config="true" duration-ms="2907" started-at="2018-11-24T06:30:12Z" finished-at="2018-11-24T06:30:15Z">
          <reporter-output>
          </reporter-output>
        </test-method> <!-- setUp -->
        <test-method status="PASS" signature="testOrangeHRM()[pri:0, instance:demo.SimpleTest@1e88b3c]" name="testOrangeHRM" duration-ms="9364" started-at="2018-11-24T06:30:15Z" finished-at="2018-11-24T06:30:24Z">
          <reporter-output>
          </reporter-output>
        </test-method> <!-- testOrangeHRM -->
        <test-method status="PASS" signature="tearDown()[pri:0, instance:demo.SimpleTest@1e88b3c]" name="tearDown" is-config="true" duration-ms="0" started-at="2018-11-24T06:30:24Z" finished-at="2018-11-24T06:30:24Z">
          <reporter-output>
          </reporter-output>
        </test-method> <!-- tearDown -->
      </class> <!-- demo.SimpleTest -->
    </test> <!-- Default test -->
  </suite> <!-- Default suite -->
</testng-results>
