<?xml version="1.0" encoding="UTF-8"?>
<testng-results skipped="0" failed="0" ignored="0" total="1" passed="1">
  <reporter-output>
  </reporter-output>
  <suite name="Default suite" duration-ms="12348" started-at="2018-11-24T06:41:41Z" finished-at="2018-11-24T06:41:54Z">
    <groups>
    </groups>
    <test name="Default test" duration-ms="12348" started-at="2018-11-24T06:41:41Z" finished-at="2018-11-24T06:41:54Z">
      <class name="demo.LoginTest">
        <test-method status="PASS" signature="setUp()[pri:0, instance:demo.LoginTest@42d80b78]" name="setUp" is-config="true" duration-ms="2858" started-at="2018-11-24T06:41:41Z" finished-at="2018-11-24T06:41:44Z">
          <reporter-output>
          </reporter-output>
        </test-method> <!-- setUp -->
        <test-method status="PASS" signature="testOrangeHRM()[pri:0, instance:demo.LoginTest@42d80b78]" name="testOrangeHRM" duration-ms="9474" started-at="2018-11-24T06:41:44Z" finished-at="2018-11-24T06:41:54Z">
          <reporter-output>
          </reporter-output>
        </test-method> <!-- testOrangeHRM -->
        <test-method status="PASS" signature="tearDown()[pri:0, instance:demo.LoginTest@42d80b78]" name="tearDown" is-config="true" duration-ms="0" started-at="2018-11-24T06:41:54Z" finished-at="2018-11-24T06:41:54Z">
          <reporter-output>
          </reporter-output>
        </test-method> <!-- tearDown -->
      </class> <!-- demo.LoginTest -->
    </test> <!-- Default test -->
  </suite> <!-- Default suite -->
</testng-results>
