<?xml version="1.0" encoding="UTF-8"?>
<testng-results skipped="0" failed="0" ignored="0" total="1" passed="1">
  <reporter-output>
  </reporter-output>
  <suite name="Command line suite" duration-ms="32411" started-at="2018-11-24T07:33:57Z" finished-at="2018-11-24T07:34:29Z">
    <groups>
    </groups>
    <test name="Command line test" duration-ms="32411" started-at="2018-11-24T07:33:57Z" finished-at="2018-11-24T07:34:29Z">
      <class name="demo.test.LoginTest">
        <test-method status="PASS" signature="setUp()[pri:0, instance:demo.test.LoginTest@17550481]" name="setUp" is-config="true" duration-ms="2856" started-at="2018-11-24T07:33:57Z" finished-at="2018-11-24T07:34:00Z">
          <reporter-output>
          </reporter-output>
        </test-method> <!-- setUp -->
        <test-method status="PASS" signature="testOrangeHRM()[pri:0, instance:demo.test.LoginTest@17550481]" name="testOrangeHRM" duration-ms="28909" started-at="2018-11-24T07:34:00Z" finished-at="2018-11-24T07:34:29Z">
          <reporter-output>
          </reporter-output>
        </test-method> <!-- testOrangeHRM -->
        <test-method status="PASS" signature="tearDown()[pri:0, instance:demo.test.LoginTest@17550481]" name="tearDown" is-config="true" duration-ms="629" started-at="2018-11-24T07:34:29Z" finished-at="2018-11-24T07:34:29Z">
          <reporter-output>
          </reporter-output>
        </test-method> <!-- tearDown -->
      </class> <!-- demo.test.LoginTest -->
    </test> <!-- Command line test -->
  </suite> <!-- Command line suite -->
</testng-results>
