<?xml version="1.0" encoding="UTF-8"?>
<testng-results skipped="0" failed="0" ignored="0" total="1" passed="1">
  <reporter-output>
  </reporter-output>
  <suite name="Command line suite" duration-ms="12472" started-at="2018-11-24T06:50:34Z" finished-at="2018-11-24T06:50:47Z">
    <groups>
    </groups>
    <test name="Command line test" duration-ms="12472" started-at="2018-11-24T06:50:34Z" finished-at="2018-11-24T06:50:47Z">
      <class name="demo.LoginTest">
        <test-method status="PASS" signature="setUp()[pri:0, instance:demo.LoginTest@64616ca2]" name="setUp" is-config="true" duration-ms="3137" started-at="2018-11-24T06:50:34Z" finished-at="2018-11-24T06:50:37Z">
          <reporter-output>
          </reporter-output>
        </test-method> <!-- setUp -->
        <test-method status="PASS" signature="testOrangeHRM()[pri:0, instance:demo.LoginTest@64616ca2]" name="testOrangeHRM" duration-ms="9320" started-at="2018-11-24T06:50:37Z" finished-at="2018-11-24T06:50:47Z">
          <reporter-output>
          </reporter-output>
        </test-method> <!-- testOrangeHRM -->
        <test-method status="PASS" signature="tearDown()[pri:0, instance:demo.LoginTest@64616ca2]" name="tearDown" is-config="true" duration-ms="0" started-at="2018-11-24T06:50:47Z" finished-at="2018-11-24T06:50:47Z">
          <reporter-output>
          </reporter-output>
        </test-method> <!-- tearDown -->
      </class> <!-- demo.LoginTest -->
    </test> <!-- Command line test -->
  </suite> <!-- Command line suite -->
</testng-results>
