<?xml version="1.0" encoding="UTF-8" ?>
<testsuite tests="3" failures="2" name="demo.SimpleTest" time="14.602" errors="0" skipped="1">
  <properties>
[...]
</properties>
  <testcase classname="demo.SimpleTest" name="setUp" time="4.834">
    <failure message="org/openqa/selenium/firefox/FirefoxDriver" type="java.lang.NoClassDefFoundError">java.lang.NoClassDefFoundError: org/openqa/selenium/firefox/FirefoxDriver
	at demo.SimpleTest.setUp(SimpleTest.java:20)
Caused by: java.lang.ClassNotFoundException: org.openqa.selenium.firefox.FirefoxDriver
	at java.net.URLClassLoader.findClass(URLClassLoader.java:381)
	at java.lang.ClassLoader.loadClass(ClassLoader.java:424)
	at sun.misc.Launcher$AppClassLoader.loadClass(Launcher.java:349)
	at java.lang.ClassLoader.loadClass(ClassLoader.java:357)
	... 36 more
</failure>
    <system-out>Configuring TestNG with: org.apache.maven.surefire.testng.conf.TestNG652Configurator@ee7d9f1
</system-out>
  </testcase>
  <testcase classname="demo.SimpleTest" name="testOrangeHRM" time="4.88">
    <skipped/>
  </testcase>
  <testcase classname="demo.SimpleTest" name="tearDown" time="4.888">
    <failure type="java.lang.NullPointerException">java.lang.NullPointerException
	at demo.SimpleTest.tearDown(SimpleTest.java:47)
</failure>
  </testcase>
</testsuite>