<?xml version="1.0" encoding="UTF-8"?>
<!-- Generated by org.testng.reporters.JUnitXMLReporter -->
<testsuite hostname="DESKTOP-GPASD0U" ignored="0" name="Command line test" tests="1" failures="0" timestamp="24 Nov 2018 05:18:37 GMT" time="0.161" errors="0">
  <testcase name="@BeforeClass setUp" time="0.044" classname="demo.SimpleTest">
    <failure type="java.lang.NoClassDefFoundError" message="org/openqa/selenium/firefox/FirefoxDriver">
      <![CDATA[java.lang.NoClassDefFoundError: org/openqa/selenium/firefox/FirefoxDriver
at demo.SimpleTest.setUp(SimpleTest.java:20)
Caused by: java.lang.ClassNotFoundException: org.openqa.selenium.firefox.FirefoxDriver
at java.net.URLClassLoader.findClass(URLClassLoader.java:381)
at java.lang.ClassLoader.loadClass(ClassLoader.java:424)
at sun.misc.Launcher$AppClassLoader.loadClass(Launcher.java:349)
at java.lang.ClassLoader.loadClass(ClassLoader.java:357)
... 36 more
... Removed 35 stack frames]]>
    </failure>
  </testcase> <!-- @BeforeClass setUp -->
  <testcase name="@AfterClass tearDown" time="0.004" classname="demo.SimpleTest">
    <failure type="java.lang.NullPointerException">
      <![CDATA[java.lang.NullPointerException
at demo.SimpleTest.tearDown(SimpleTest.java:47)
... Removed 35 stack frames]]>
    </failure>
  </testcase> <!-- @AfterClass tearDown -->
  <testcase name="testOrangeHRM" time="0.0" classname="demo.SimpleTest">
    <skipped/>
  </testcase> <!-- testOrangeHRM -->
</testsuite> <!-- Command line test -->
